[server.ol] 	1.	^ LOAD	Java Service Loader			joliex.io.ConsoleService
[server.ol] 	2.	<< SR	println@Console			SENDING	MSG_ID:1
						Value: = [SERVER_START]
 : java.lang.String

[SERVER_START]

[server.ol] 	3.	<< SR	println@Console			SENT	MSG_ID:1
						Value: = [SERVER_START]
 : java.lang.String

[server.ol] 	4.	<< SR	println@Console			RECEIVED	MSG_ID:1
						Value:

[server.ol] 	5.	>> RR	sendMessage			RECEIVED	MSG_ID:0
						Value:
							.id[0] = new : java.lang.String
							.m[0]
								.args[0] = 14.0 : java.lang.Double
								.func[0] = getCards : java.lang.String
								.type[0] = call : java.lang.String
							.sender[0] = socket://localhost:8091 : java.lang.String
							.target[0] = socket://localhost:8090 : java.lang.String

[server.ol] 	6.	<< SR	putMessage@Output			SENDING	MSG_ID:2
						Value:
							.id[0] = new : java.lang.String
							.m[0]
								.args[0] = 14.0 : java.lang.Double
								.func[0] = getCards : java.lang.String
								.type[0] = call : java.lang.String
							.sender[0] = socket://localhost:8091 : java.lang.String
							.target[0] = socket://localhost:8090 : java.lang.String

[server.ol] 	7.	<< SR	putMessage@Output			SENT	MSG_ID:2
						Value:
							.id[0] = new : java.lang.String
							.m[0]
								.args[0] = 14.0 : java.lang.Double
								.func[0] = getCards : java.lang.String
								.type[0] = call : java.lang.String
							.sender[0] = socket://localhost:8091 : java.lang.String
							.target[0] = socket://localhost:8090 : java.lang.String

[server.ol] 	8.	<< SR	putMessage@Output			RECEIVED	MSG_ID:2
						Value:
							.id[0] = 5b8f0b05-a702-46fd-97e8-c2f7ce3dea56 : java.lang.String
							.m[0]
								.args[0] = 14.0 : java.lang.Double
								.func[0] = getCards : java.lang.String
								.type[0] = call : java.lang.String
							.sender[0] = socket://localhost:8091 : java.lang.String
							.target[0] = socket://localhost:8090 : java.lang.String

[server.ol] 	9.	>> RR	sendMessage			SENT	MSG_ID:0
						Value:
							.id[0] = 5b8f0b05-a702-46fd-97e8-c2f7ce3dea56 : java.lang.String
							.m[0]
								.args[0] = 14.0 : java.lang.Double
								.func[0] = getCards : java.lang.String
								.type[0] = call : java.lang.String
							.sender[0] = socket://localhost:8091 : java.lang.String
							.target[0] = socket://localhost:8090 : java.lang.String

[server.ol] 	10.	>> RR	sendMessage			RECEIVED	MSG_ID:0
						Value:
							.id[0] = new : java.lang.String
							.m[0]
								.args[0] = 14.0 : java.lang.Double
								.func[0] = getCards : java.lang.String
								.type[0] = call : java.lang.String
							.sender[0] = socket://localhost:8091 : java.lang.String
							.target[0] = socket://localhost:8090 : java.lang.String

[server.ol] 	11.	<< SR	putMessage@Output			SENDING	MSG_ID:3
						Value:
							.id[0] = new : java.lang.String
							.m[0]
								.args[0] = 14.0 : java.lang.Double
								.func[0] = getCards : java.lang.String
								.type[0] = call : java.lang.String
							.sender[0] = socket://localhost:8091 : java.lang.String
							.target[0] = socket://localhost:8090 : java.lang.String

[server.ol] 	12.	<< SR	putMessage@Output			SENT	MSG_ID:3
						Value:
							.id[0] = new : java.lang.String
							.m[0]
								.args[0] = 14.0 : java.lang.Double
								.func[0] = getCards : java.lang.String
								.type[0] = call : java.lang.String
							.sender[0] = socket://localhost:8091 : java.lang.String
							.target[0] = socket://localhost:8090 : java.lang.String

